<?xml version="1.0" encoding="UTF-8"?>
<!-- Generated by org.testng.reporters.JUnitReportReporter -->
<testsuite skipped="0" hostname="Fernandos-MacBook-Pro.local" name="com.HttpStatusCode.ApiTest" tests="1" failures="0" timestamp="2022-08-16T21:41:54 CST" time="1079.527" errors="0">
  <testcase name="PostApiTest" time="1079.527" classname="com.HttpStatusCode.ApiTest"/>
  <system-out/>
</testsuite> <!-- com.HttpStatusCode.ApiTest -->
